2017-07-13T05:31:00.000000+00:00 app[api]: Build started by user flucchini@uc.cl
2017-07-13T05:31:41.551274+00:00 app[api]: Release v3 created by user flucchini@uc.cl
2017-07-13T05:31:41.551274+00:00 app[api]: Deploy c3eee763 by user flucchini@uc.cl
2017-07-13T05:31:41.563198+00:00 app[api]: Scaled to web@1:Free by user flucchini@uc.cl
2017-07-13T05:31:00.000000+00:00 app[api]: Build succeeded
2017-07-13T05:31:43.179515+00:00 heroku[web.1]: Starting process with command `npm start`
2017-07-13T05:31:45.755090+00:00 app[web.1]: npm ERR! Linux 3.13.0-123-generic
2017-07-13T05:31:45.755435+00:00 app[web.1]: npm ERR! argv "/app/.heroku/node/bin/node" "/app/.heroku/node/bin/npm" "start"
2017-07-13T05:31:45.755642+00:00 app[web.1]: npm ERR! node v6.11.1
2017-07-13T05:31:45.755813+00:00 app[web.1]: npm ERR! npm  v3.10.10
2017-07-13T05:31:45.757233+00:00 app[web.1]: 
2017-07-13T05:31:45.758123+00:00 app[web.1]: npm ERR! missing script: start
2017-07-13T05:31:45.758283+00:00 app[web.1]: npm ERR! 
2017-07-13T05:31:45.758323+00:00 app[web.1]: npm ERR! If you need help, you may report this error at:
2017-07-13T05:31:45.758403+00:00 app[web.1]: npm ERR!     <https://github.com/npm/npm/issues>
2017-07-13T05:31:45.766811+00:00 app[web.1]: 
2017-07-13T05:31:45.767071+00:00 app[web.1]: npm ERR! Please include the following file with any support request:
2017-07-13T05:31:45.767146+00:00 app[web.1]: npm ERR!     /app/npm-debug.log
2017-07-13T05:31:45.852477+00:00 heroku[web.1]: State changed from starting to crashed
2017-07-13T05:31:45.853418+00:00 heroku[web.1]: State changed from crashed to starting
2017-07-13T05:31:45.844949+00:00 heroku[web.1]: Process exited with status 1
2017-07-13T05:31:47.482856+00:00 heroku[web.1]: Starting process with command `npm start`
2017-07-13T05:31:50.898062+00:00 app[web.1]: npm ERR! Linux 3.13.0-123-generic
2017-07-13T05:31:50.898495+00:00 app[web.1]: npm ERR! argv "/app/.heroku/node/bin/node" "/app/.heroku/node/bin/npm" "start"
2017-07-13T05:31:50.898736+00:00 app[web.1]: npm ERR! node v6.11.1
2017-07-13T05:31:50.898987+00:00 app[web.1]: npm ERR! npm  v3.10.10
2017-07-13T05:31:50.901354+00:00 app[web.1]: 
2017-07-13T05:31:50.902953+00:00 app[web.1]: npm ERR! missing script: start
2017-07-13T05:31:50.903175+00:00 app[web.1]: npm ERR! 
2017-07-13T05:31:50.903492+00:00 app[web.1]: npm ERR! If you need help, you may report this error at:
2017-07-13T05:31:50.903644+00:00 app[web.1]: npm ERR!     <https://github.com/npm/npm/issues>
2017-07-13T05:31:50.918676+00:00 app[web.1]: 
2017-07-13T05:31:50.919313+00:00 app[web.1]: npm ERR!     /app/npm-debug.log
2017-07-13T05:31:50.919149+00:00 app[web.1]: npm ERR! Please include the following file with any support request:
2017-07-13T05:31:51.052153+00:00 heroku[web.1]: State changed from starting to crashed
2017-07-13T05:31:51.026048+00:00 heroku[web.1]: Process exited with status 1
2017-07-13T05:35:38.000000+00:00 app[api]: Build started by user flucchini@uc.cl
2017-07-13T05:35:51.053772+00:00 heroku[web.1]: State changed from crashed to starting
2017-07-13T05:35:50.174142+00:00 app[api]: Deploy 71985268 by user flucchini@uc.cl
2017-07-13T05:35:50.174142+00:00 app[api]: Release v4 created by user flucchini@uc.cl
2017-07-13T05:35:38.000000+00:00 app[api]: Build succeeded
2017-07-13T05:35:52.818129+00:00 heroku[web.1]: Starting process with command `npm start`
2017-07-13T05:35:56.088957+00:00 app[web.1]: npm ERR! Linux 3.13.0-123-generic
2017-07-13T05:35:56.089327+00:00 app[web.1]: npm ERR! argv "/app/.heroku/node/bin/node" "/app/.heroku/node/bin/npm" "start"
2017-07-13T05:35:56.089568+00:00 app[web.1]: npm ERR! node v6.11.1
2017-07-13T05:35:56.089786+00:00 app[web.1]: npm ERR! npm  v3.10.10
2017-07-13T05:35:56.091804+00:00 app[web.1]: 
2017-07-13T05:35:56.093317+00:00 app[web.1]: npm ERR! missing script: start
2017-07-13T05:35:56.093529+00:00 app[web.1]: npm ERR! 
2017-07-13T05:35:56.093649+00:00 app[web.1]: npm ERR! If you need help, you may report this error at:
2017-07-13T05:35:56.093796+00:00 app[web.1]: npm ERR!     <https://github.com/npm/npm/issues>
2017-07-13T05:35:56.107297+00:00 app[web.1]: 
2017-07-13T05:35:56.120691+00:00 app[web.1]: npm ERR! Please include the following file with any support request:
2017-07-13T05:35:56.120827+00:00 app[web.1]: npm ERR!     /app/npm-debug.log
2017-07-13T05:35:56.229762+00:00 heroku[web.1]: State changed from starting to crashed
2017-07-13T05:35:56.215848+00:00 heroku[web.1]: Process exited with status 1
2017-07-13T05:36:20.888118+00:00 heroku[router]: at=error code=H10 desc="App crashed" method=GET path="/" host=radiant-scrubland-43050.herokuapp.com request_id=ccec970f-a57a-46a8-9725-33b175b40adc fwd="190.153.148.144" dyno= connect= service= status=503 bytes= protocol=https
2017-07-13T05:36:21.505376+00:00 heroku[router]: at=error code=H10 desc="App crashed" method=GET path="/favicon.ico" host=radiant-scrubland-43050.herokuapp.com request_id=9cc5ac49-e17e-41fd-a777-c42707805019 fwd="190.153.148.144" dyno= connect= service= status=503 bytes= protocol=https
2017-07-13T05:40:38.000000+00:00 app[api]: Build started by user flucchini@uc.cl
2017-07-13T05:40:48.657336+00:00 heroku[web.1]: State changed from crashed to starting
2017-07-13T05:40:48.450512+00:00 app[api]: Release v5 created by user flucchini@uc.cl
2017-07-13T05:40:48.450512+00:00 app[api]: Deploy 4db24ddf by user flucchini@uc.cl
2017-07-13T05:40:50.113863+00:00 heroku[web.1]: Starting process with command `npm start`
2017-07-13T05:40:38.000000+00:00 app[api]: Build succeeded
2017-07-13T05:40:53.075325+00:00 app[web.1]: npm ERR! Linux 3.13.0-123-generic
2017-07-13T05:40:53.075786+00:00 app[web.1]: npm ERR! argv "/app/.heroku/node/bin/node" "/app/.heroku/node/bin/npm" "start"
2017-07-13T05:40:53.076054+00:00 app[web.1]: npm ERR! node v6.11.1
2017-07-13T05:40:53.076521+00:00 app[web.1]: npm ERR! npm  v3.10.10
2017-07-13T05:40:53.079914+00:00 app[web.1]: npm ERR! missing script: start
2017-07-13T05:40:53.078652+00:00 app[web.1]: 
2017-07-13T05:40:53.080090+00:00 app[web.1]: npm ERR! 
2017-07-13T05:40:53.080183+00:00 app[web.1]: npm ERR! If you need help, you may report this error at:
2017-07-13T05:40:53.080296+00:00 app[web.1]: npm ERR!     <https://github.com/npm/npm/issues>
2017-07-13T05:40:53.091928+00:00 app[web.1]: 
2017-07-13T05:40:53.092165+00:00 app[web.1]: npm ERR! Please include the following file with any support request:
2017-07-13T05:40:53.092277+00:00 app[web.1]: npm ERR!     /app/npm-debug.log
2017-07-13T05:40:53.213266+00:00 heroku[web.1]: State changed from starting to crashed
2017-07-13T05:40:53.198468+00:00 heroku[web.1]: Process exited with status 1
2017-07-13T05:42:26.000000+00:00 app[api]: Build started by user flucchini@uc.cl
2017-07-13T05:42:36.350920+00:00 heroku[web.1]: State changed from crashed to starting
2017-07-13T05:42:36.123455+00:00 app[api]: Deploy e2431b24 by user flucchini@uc.cl
2017-07-13T05:42:36.123455+00:00 app[api]: Release v6 created by user flucchini@uc.cl
2017-07-13T05:42:26.000000+00:00 app[api]: Build succeeded
2017-07-13T05:42:37.638833+00:00 heroku[web.1]: Starting process with command `node index.js`
2017-07-13T05:42:39.321627+00:00 app[web.1]: module.js:471
2017-07-13T05:42:39.321646+00:00 app[web.1]:     throw err;
2017-07-13T05:42:39.321647+00:00 app[web.1]:     ^
2017-07-13T05:42:39.321647+00:00 app[web.1]: 
2017-07-13T05:42:39.321655+00:00 app[web.1]: Error: Cannot find module '/app/index.js'
2017-07-13T05:42:39.321656+00:00 app[web.1]:     at Function.Module._resolveFilename (module.js:469:15)
2017-07-13T05:42:39.321656+00:00 app[web.1]:     at Function.Module._load (module.js:417:25)
2017-07-13T05:42:39.321657+00:00 app[web.1]:     at Module.runMain (module.js:604:10)
2017-07-13T05:42:39.321657+00:00 app[web.1]:     at run (bootstrap_node.js:389:7)
2017-07-13T05:42:39.321658+00:00 app[web.1]:     at startup (bootstrap_node.js:149:9)
2017-07-13T05:42:39.321658+00:00 app[web.1]:     at bootstrap_node.js:504:3
2017-07-13T05:42:39.388649+00:00 heroku[web.1]: State changed from starting to crashed
2017-07-13T05:42:39.377246+00:00 heroku[web.1]: Process exited with status 1
2017-07-13T05:43:43.598565+00:00 heroku[router]: at=error code=H10 desc="App crashed" method=GET path="/" host=radiant-scrubland-43050.herokuapp.com request_id=1eef273a-a7d4-4662-9609-a588a837dca5 fwd="190.153.148.144" dyno= connect= service= status=503 bytes= protocol=https
2017-07-13T05:43:44.036731+00:00 heroku[router]: at=error code=H10 desc="App crashed" method=GET path="/favicon.ico" host=radiant-scrubland-43050.herokuapp.com request_id=1d6985bc-988d-432f-9010-0e7e7258f812 fwd="190.153.148.144" dyno= connect= service= status=503 bytes= protocol=https
2017-07-13T05:44:28.042138+00:00 heroku[router]: at=error code=H10 desc="App crashed" method=GET path="/" host=radiant-scrubland-43050.herokuapp.com request_id=413b454f-f2f8-4de5-8374-4f3bf078f8ab fwd="190.153.148.144" dyno= connect= service= status=503 bytes= protocol=https
2017-07-13T05:44:28.551139+00:00 heroku[router]: at=error code=H10 desc="App crashed" method=GET path="/favicon.ico" host=radiant-scrubland-43050.herokuapp.com request_id=e9eb2583-7ea8-4951-b298-cdf8da81bb1a fwd="190.153.148.144" dyno= connect= service= status=503 bytes= protocol=https
